TN:
SF:src/App.jsx
FN:11,App
FN:12,(anonymous_1)
FNF:2
FNH:2
FNDA:5,App
FNDA:5,(anonymous_1)
DA:12,5
DA:14,5
DA:15,2
DA:20,3
DA:21,1
DA:26,2
DA:27,1
DA:32,1
LF:8
LH:8
BRDA:14,0,0,2
BRDA:14,0,1,3
BRDA:20,1,0,1
BRDA:20,1,1,2
BRDA:26,2,0,1
BRDA:26,2,1,1
BRF:6
BRH:6
end_of_record
TN:
SF:src/slice.js
FN:9,(anonymous_0)
FN:13,(anonymous_1)
FN:17,(anonymous_2)
FNF:3
FNH:3
FNDA:1,(anonymous_0)
FNDA:1,(anonymous_1)
FNDA:1,(anonymous_2)
DA:3,5
DA:9,1
DA:13,1
DA:17,1
DA:24,5
LF:5
LH:5
BRF:0
BRH:0
end_of_record
TN:
SF:src/Components/CheckInContainer.jsx
FN:7,CheckInContainer
FN:8,(anonymous_1)
FN:15,(anonymous_2)
FN:16,(anonymous_3)
FNF:4
FNH:4
FNDA:5,CheckInContainer
FNDA:5,(anonymous_1)
FNDA:1,(anonymous_2)
FNDA:1,(anonymous_3)
DA:8,5
DA:10,5
DA:12,5
DA:15,1
DA:16,1
LF:5
LH:5
BRF:0
BRH:0
end_of_record
TN:
SF:src/Components/CheckOutContainer.jsx
FN:7,CheckOutContainer
FN:8,(anonymous_1)
FN:15,(anonymous_2)
FN:16,(anonymous_3)
FNF:4
FNH:4
FNDA:4,CheckOutContainer
FNDA:4,(anonymous_1)
FNDA:1,(anonymous_2)
FNDA:1,(anonymous_3)
DA:8,4
DA:10,4
DA:12,4
DA:15,1
DA:16,1
LF:5
LH:5
BRF:0
BRH:0
end_of_record
TN:
SF:src/Components/WorkoutContainer.jsx
FN:7,WorkoutContainer
FN:8,(anonymous_1)
FN:15,(anonymous_2)
FN:16,(anonymous_3)
FNF:4
FNH:4
FNDA:4,WorkoutContainer
FNDA:4,(anonymous_1)
FNDA:1,(anonymous_2)
FNDA:1,(anonymous_3)
DA:8,4
DA:10,4
DA:12,4
DA:15,1
DA:16,1
LF:5
LH:5
BRF:0
BRH:0
end_of_record
